<?xml version="1.0" encoding="UTF-8"?>
<testsuite name="GeometryTest" tests="4" skipped="0" failures="0" errors="0" timestamp="2021-01-28T10:54:44" hostname="WS-BGHANW" time="0.04">
  <properties/>
  <testcase name="rectangle_calculateCircumference()" classname="GeometryTest" time="0.034"/>
  <testcase name="rectancle_calculateArea()" classname="GeometryTest" time="0.001"/>
  <testcase name="circle_calculateArea()" classname="GeometryTest" time="0.002"/>
  <testcase name="circle_calculateCircumference()" classname="GeometryTest" time="0.001"/>
  <system-out><![CDATA[]]></system-out>
  <system-err><![CDATA[]]></system-err>
</testsuite>
