<?xml version="1.0" encoding="UTF-8"?>
<testsuite name="ShapeArrayListTest" tests="1" skipped="0" failures="0" errors="0" timestamp="2021-01-28T15:15:45" hostname="WS-BGHANW" time="0.03">
  <properties/>
  <testcase name="shapeArrayList_GetAllCirclesCorrect()" classname="ShapeArrayListTest" time="0.03"/>
  <system-out><![CDATA[]]></system-out>
  <system-err><![CDATA[]]></system-err>
</testsuite>
