<?xml version="1.0" encoding="UTF-8"?>
<testsuite name="GeometryTest" tests="1" skipped="0" failures="0" errors="0" timestamp="2021-01-29T08:50:47" hostname="WS-BGHANW" time="0.029">
  <properties/>
  <testcase name="circle_getPosition_CorrectPositionGetReturned()" classname="GeometryTest" time="0.029"/>
  <system-out><![CDATA[]]></system-out>
  <system-err><![CDATA[]]></system-err>
</testsuite>
